<?xml version="1.0" encoding="UTF-8"?>
<!-- Generated by org.testng.reporters.JUnitReportReporter -->
<testsuite hostname="LAPTOP-UQ6UL893" failures="0" tests="1" name="com.AutomationSelenium.TestReddiff_01" time="7.018" errors="0" timestamp="2021-04-28T10:39:43 IST" skipped="0">
  <testcase classname="com.AutomationSelenium.TestReddiff_01" name="CreateAccount" time="7.018"/>
  <system-out/>
</testsuite> <!-- com.AutomationSelenium.TestReddiff_01 -->
