<?xml version="1.0" encoding="UTF-8"?>
<!-- Generated by org.testng.reporters.JUnitReportReporter -->
<testsuite hostname="LAPTOP-UQ6UL893" failures="0" tests="3" name="com.google.TC_Google_Search" time="20.393" errors="0" timestamp="2021-05-02T18:25:00 IST" skipped="0">
  <testcase classname="com.google.TC_Google_Search" name="search" time="6.015"/>
  <system-out>
api testing
api testing tutorial
api testing interview questions
api testing tools
api testing postman
api testing means
api testing using selenium
api testing using postman
api testing framework
api testing jobs        </system-out>
  <testcase classname="com.google.TC_Google_Search" name="search" time="7.086"/>
  <system-out>
automation testing
automation testing tools
automation testing interview questions
automation testing jobs in hyderabad
automation testing tutorial
automation testing selenium
automation testing jobs in bangalore
automation testing means
automation testing types
automation testing insider   </system-out>
  <testcase classname="com.google.TC_Google_Search" name="search" time="7.292"/>
  <system-out>
performance testing
performance testing tools
performance testing jobs
performance testing jobs in hyderabad
performance testing life cycle
performance testing jobs in bangalore
performance testing in software testing
performance testing types
performance testing is functional or nonfunctional
performance testing salary in india  </system-out>
</testsuite> <!-- com.google.TC_Google_Search -->
