<?xml version="1.0" encoding="UTF-8"?>
<!-- Generated by org.testng.reporters.JUnitReportReporter -->
<testsuite hostname="LAPTOP-UQ6UL893" failures="0" tests="3" name="com.alibaba.TC_Alibaba" time="76.528" errors="0" timestamp="2021-05-06T12:52:11 IST" skipped="0">
  <testcase classname="com.alibaba.TC_Alibaba" name="SignIn" time="29.845"/>
  <system-out>
checkin Box is selected  </system-out>
  <testcase classname="com.alibaba.TC_Alibaba" name="SearchItem" time="38.521"/>
  <system-out/>
  <testcase classname="com.alibaba.TC_Alibaba" name="SignOut" time="8.162"/>
  <system-out/>
</testsuite> <!-- com.alibaba.TC_Alibaba -->
