<?xml version="1.0" encoding="UTF-8"?>
<!-- Generated by org.testng.reporters.JUnitReportReporter -->
<testsuite hostname="LAPTOP-UQ6UL893" failures="0" tests="1" name="com.amazon.TC_AmazonCountry" time="1.017" errors="0" timestamp="2021-05-02T15:34:12 IST" skipped="0">
  <testcase classname="com.amazon.TC_AmazonCountry" name="AmazonHome" time="1.017"/>
  <system-out>
Australia-http://www.amazon.com.au/ref=footer_au Brazil-https://www.amazon.com.br/ref=footer_br Canada-https://www.amazon.ca/ref=footer_ca China-https://www.amazon.cn/ref=footer_cn France-https://www.amazon.fr/ref=footer_fr Germany-https://www.amazon.de/ref=footer_de Italy-https://www.amazon.it/ref=footer_it Japan-https://www.amazon.co.jp/ref=footer_jp Mexico-https://www.amazon.com.mx/ref=footer_mx Netherlands-https://www.amazon.nl/ref=footer_nl Poland-https://www.amazon.pl/ref=footer_pl Singapore-https://www.amazon.sg/ref=footer_sg Spain-https://www.amazon.es/ref=footer_es Turkey-https://www.amazon.com.tr/ref=footer_tr United Arab Emirates-https://www.amazon.ae/ref=footer_ae United Kingdom-https://www.amazon.co.uk/ref=footer_uk United States-https://www.amazon.com/ref=footer_us  </system-out>
</testsuite> <!-- com.amazon.TC_AmazonCountry -->
